
=
=
=
=
=
=
=
=
=
=
=
=
=
=
=
=
=
=
=
=
=
=
=
=
=
=
=
=
=
=
=
=
=
=
=
=
=
=
=
=
=
=
=
=
=
=
=
=
=
=
=
=
=
=
=
=
=
=
=
=
FTMO STRATEGY BACKTESTER — ALL STRATEGIES
============================================================

Running London Session Breakout...

╭────────────────────────────── Backtest Report ───────────────────────────────╮
│ Strategy: London Session Breakout  |  Pairs: EURUSD, GBPUSD, GBPJPY, EURJPY  │
│ |  FTMO: FAIL                                                                │
╰──────────────────────────────────────────────────────────────────────────────╯
              FTMO Challenge Rules               
┏━━━━━━━━━━━━━━━━━━━━━━┳━━━━━━━━┳━━━━━━━━━━━━━━━┓
┃ Rule                 ┃ Status ┃         Value ┃
┡━━━━━━━━━━━━━━━━━━━━━━╇━━━━━━━━╇━━━━━━━━━━━━━━━┩
│ Profit Target (10%)  │  MISS  │        -0.58% │
├──────────────────────┼────────┼───────────────┤
│ Daily Loss < 5%      │   OK   │ Max DD: 0.93% │
├──────────────────────┼────────┼───────────────┤
│ Total DD < 10%       │   OK   │         0.93% │
├──────────────────────┼────────┼───────────────┤
│ Min Trading Days (4) │   OK   │      453 days │
├──────────────────────┼────────┼───────────────┤
│ Consistency          │   OK   │               │
└──────────────────────┴────────┴───────────────┘
      Trade Statistics       
┏━━━━━━━━━━━━━━━┳━━━━━━━━━━━┓
┃ Metric        ┃     Value ┃
┡━━━━━━━━━━━━━━━╇━━━━━━━━━━━┩
│ Total Trades  │      1031 │
├───────────────┼───────────┤
│ Win Rate      │     46.7% │
├───────────────┼───────────┤
│ Wins / Losses │ 481 / 550 │
├───────────────┼───────────┤
│ Avg Win       │    $27.67 │
├───────────────┼───────────┤
│ Avg Loss      │   $-22.16 │
├───────────────┼───────────┤
│ Best Trade    │    $69.98 │
├───────────────┼───────────┤
│ Worst Trade   │   $-47.94 │
├───────────────┼───────────┤
│ Total P/L     │ $1,123.92 │
├───────────────┼───────────┤
│ Avg Bars Held │      34.7 │
├───────────────┼───────────┤
│ Sharpe Ratio  │    -61.53 │
└───────────────┴───────────┘

  Final Equity: $99,422.27
  Expectancy: $1.09 per trade


Running Mean Reversion (Ranging Pairs)...

╭────────────────────────────── Backtest Report ───────────────────────────────╮
│ Strategy: Mean Reversion (Ranging Pairs)  |  Pairs: EURCHF, AUDNZD, EURGBP   │
│ |  FTMO: FAIL                                                                │
╰──────────────────────────────────────────────────────────────────────────────╯
              FTMO Challenge Rules               
┏━━━━━━━━━━━━━━━━━━━━━━┳━━━━━━━━┳━━━━━━━━━━━━━━━┓
┃ Rule                 ┃ Status ┃         Value ┃
┡━━━━━━━━━━━━━━━━━━━━━━╇━━━━━━━━╇━━━━━━━━━━━━━━━┩
│ Profit Target (10%)  │  MISS  │        -1.63% │
├──────────────────────┼────────┼───────────────┤
│ Daily Loss < 5%      │   OK   │ Max DD: 3.19% │
├──────────────────────┼────────┼───────────────┤
│ Total DD < 10%       │   OK   │         3.19% │
├──────────────────────┼────────┼───────────────┤
│ Min Trading Days (4) │   OK   │      521 days │
├──────────────────────┼────────┼───────────────┤
│ Consistency          │   OK   │               │
└──────────────────────┴────────┴───────────────┘
      Trade Statistics       
┏━━━━━━━━━━━━━━━┳━━━━━━━━━━━┓
┃ Metric        ┃     Value ┃
┡━━━━━━━━━━━━━━━╇━━━━━━━━━━━┩
│ Total Trades  │       911 │
├───────────────┼───────────┤
│ Win Rate      │     43.2% │
├───────────────┼───────────┤
│ Wins / Losses │ 394 / 517 │
├───────────────┼───────────┤
│ Avg Win       │    $10.16 │
├───────────────┼───────────┤
│ Avg Loss      │    $-6.26 │
├───────────────┼───────────┤
│ Best Trade    │   $121.92 │
├───────────────┼───────────┤
│ Worst Trade   │   $-17.89 │
├───────────────┼───────────┤
│ Total P/L     │   $763.45 │
├───────────────┼───────────┤
│ Avg Bars Held │      10.9 │
├───────────────┼───────────┤
│ Sharpe Ratio  │     -0.42 │
└───────────────┴───────────┘

  Final Equity: $98,367.63
  Expectancy: $0.84 per trade


Running NY Session Momentum...

╭────────────────────────────── Backtest Report ───────────────────────────────╮
│ Strategy: NY Session Momentum  |  Pairs: EURUSD, GBPUSD, USDCAD  |  FTMO:    │
│ FAIL                                                                         │
╰──────────────────────────────────────────────────────────────────────────────╯
              FTMO Challenge Rules               
┏━━━━━━━━━━━━━━━━━━━━━━┳━━━━━━━━┳━━━━━━━━━━━━━━━┓
┃ Rule                 ┃ Status ┃         Value ┃
┡━━━━━━━━━━━━━━━━━━━━━━╇━━━━━━━━╇━━━━━━━━━━━━━━━┩
│ Profit Target (10%)  │  MISS  │        -4.99% │
├──────────────────────┼────────┼───────────────┤
│ Daily Loss < 5%      │   OK   │ Max DD: 5.09% │
├──────────────────────┼────────┼───────────────┤
│ Total DD < 10%       │   OK   │         5.09% │
├──────────────────────┼────────┼───────────────┤
│ Min Trading Days (4) │   OK   │      515 days │
├──────────────────────┼────────┼───────────────┤
│ Consistency          │   OK   │               │
└──────────────────────┴────────┴───────────────┘
      Trade Statistics       
┏━━━━━━━━━━━━━━━┳━━━━━━━━━━━┓
┃ Metric        ┃     Value ┃
┡━━━━━━━━━━━━━━━╇━━━━━━━━━━━┩
│ Total Trades  │      1451 │
├───────────────┼───────────┤
│ Win Rate      │     39.0% │
├───────────────┼───────────┤
│ Wins / Losses │ 566 / 885 │
├───────────────┼───────────┤
│ Avg Win       │    $13.09 │
├───────────────┼───────────┤
│ Avg Loss      │    $-8.90 │
├───────────────┼───────────┤
│ Best Trade    │    $80.16 │
├───────────────┼───────────┤
│ Worst Trade   │   $-31.17 │
├───────────────┼───────────┤
│ Total P/L     │  $-466.17 │
├───────────────┼───────────┤
│ Avg Bars Held │       5.4 │
├───────────────┼───────────┤
│ Sharpe Ratio  │     -9.75 │
└───────────────┴───────────┘

  Final Equity: $95,013.63
  Expectancy: $-0.32 per trade

                              Strategy Comparison                               
┏━━━━━━━━━━━━━━━━━━━━┳━━━━━━┳━━━━━━━━┳━━━━━━━━┳━━━━━━━━━━┳━━━━━━━━┳━━━━━━━━━━━━┓
┃ Strategy           ┃ FTMO ┃ Profit ┃ Max DD ┃ Win Rate ┃ Trades ┃ Expectancy ┃
┡━━━━━━━━━━━━━━━━━━━━╇━━━━━━╇━━━━━━━━╇━━━━━━━━╇━━━━━━━━━━╇━━━━━━━━╇━━━━━━━━━━━━┩
│ London Session     │ FAIL │ -0.58% │  0.93% │    46.7% │   1031 │      $1.09 │
│ Breakout           │      │        │        │          │        │            │
├────────────────────┼──────┼────────┼────────┼──────────┼────────┼────────────┤
│ Mean Reversion     │ FAIL │ -1.63% │  3.19% │    43.2% │    911 │      $0.84 │
│ (Ranging Pairs)    │      │        │        │          │        │            │
├────────────────────┼──────┼────────┼────────┼──────────┼────────┼────────────┤
│ NY Session         │ FAIL │ -4.99% │  5.09% │    39.0% │   1451 │     $-0.32 │
│ Momentum           │      │        │        │          │        │            │
└────────────────────┴──────┴────────┴────────┴──────────┴────────┴────────────┘
