
=
=
=
=
=
=
=
=
=
=
=
=
=
=
=
=
=
=
=
=
=
=
=
=
=
=
=
=
=
=
=
=
=
=
=
=
=
=
=
=
=
=
=
=
=
=
=
=
=
=
=
=
=
=
=
=
=
=
=
=
FTMO STRATEGY BACKTESTER — ALL STRATEGIES
============================================================

Running London Session Breakout...

╭────────────────────────────── Backtest Report ───────────────────────────────╮
│ Strategy: London Session Breakout  |  Pairs: EURUSD, GBPUSD, GBPJPY, EURJPY  │
│ |  FTMO: FAIL                                                                │
╰──────────────────────────────────────────────────────────────────────────────╯
                FTMO Challenge Rules                
┏━━━━━━━━━━━━━━━━━━━━━━┳━━━━━━━━━━┳━━━━━━━━━━━━━━━━┓
┃ Rule                 ┃  Status  ┃          Value ┃
┡━━━━━━━━━━━━━━━━━━━━━━╇━━━━━━━━━━╇━━━━━━━━━━━━━━━━┩
│ Profit Target (10%)  │   MISS   │        -20.23% │
├──────────────────────┼──────────┼────────────────┤
│ Daily Loss < 5%      │ BREACHED │ Max DD: 41.52% │
├──────────────────────┼──────────┼────────────────┤
│ Total DD < 10%       │ BREACHED │         41.52% │
├──────────────────────┼──────────┼────────────────┤
│ Min Trading Days (4) │    OK    │       451 days │
├──────────────────────┼──────────┼────────────────┤
│ Consistency          │    OK    │                │
└──────────────────────┴──────────┴────────────────┘
       Trade Statistics       
┏━━━━━━━━━━━━━━━┳━━━━━━━━━━━━┓
┃ Metric        ┃      Value ┃
┡━━━━━━━━━━━━━━━╇━━━━━━━━━━━━┩
│ Total Trades  │       1024 │
├───────────────┼────────────┤
│ Win Rate      │      44.3% │
├───────────────┼────────────┤
│ Wins / Losses │  454 / 570 │
├───────────────┼────────────┤
│ Avg Win       │    $852.55 │
├───────────────┼────────────┤
│ Avg Loss      │   $-670.26 │
├───────────────┼────────────┤
│ Best Trade    │  $1,970.03 │
├───────────────┼────────────┤
│ Worst Trade   │ $-1,215.72 │
├───────────────┼────────────┤
│ Total P/L     │  $5,009.43 │
├───────────────┼────────────┤
│ Avg Bars Held │       38.9 │
├───────────────┼────────────┤
│ Sharpe Ratio  │      -0.75 │
└───────────────┴────────────┘

  Final Equity: $79,772.90
  Expectancy: $4.89 per trade


Running Mean Reversion (Ranging Pairs)...

╭────────────────────────────── Backtest Report ───────────────────────────────╮
│ Strategy: Mean Reversion (Ranging Pairs)  |  Pairs: EURCHF, AUDNZD, EURGBP   │
│ |  FTMO: FAIL                                                                │
╰──────────────────────────────────────────────────────────────────────────────╯
                FTMO Challenge Rules                 
┏━━━━━━━━━━━━━━━━━━━━━━┳━━━━━━━━━━┳━━━━━━━━━━━━━━━━━┓
┃ Rule                 ┃  Status  ┃           Value ┃
┡━━━━━━━━━━━━━━━━━━━━━━╇━━━━━━━━━━╇━━━━━━━━━━━━━━━━━┩
│ Profit Target (10%)  │   MISS   │        -113.89% │
├──────────────────────┼──────────┼─────────────────┤
│ Daily Loss < 5%      │ BREACHED │ Max DD: 120.08% │
├──────────────────────┼──────────┼─────────────────┤
│ Total DD < 10%       │ BREACHED │         120.08% │
├──────────────────────┼──────────┼─────────────────┤
│ Min Trading Days (4) │    OK    │        521 days │
├──────────────────────┼──────────┼─────────────────┤
│ Consistency          │    OK    │                 │
└──────────────────────┴──────────┴─────────────────┘
       Trade Statistics       
┏━━━━━━━━━━━━━━━┳━━━━━━━━━━━━┓
┃ Metric        ┃      Value ┃
┡━━━━━━━━━━━━━━━╇━━━━━━━━━━━━┩
│ Total Trades  │        858 │
├───────────────┼────────────┤
│ Win Rate      │      43.2% │
├───────────────┼────────────┤
│ Wins / Losses │  371 / 487 │
├───────────────┼────────────┤
│ Avg Win       │    $765.13 │
├───────────────┼────────────┤
│ Avg Loss      │   $-481.99 │
├───────────────┼────────────┤
│ Best Trade    │  $2,928.30 │
├───────────────┼────────────┤
│ Worst Trade   │ $-6,017.16 │
├───────────────┼────────────┤
│ Total P/L     │ $49,132.08 │
├───────────────┼────────────┤
│ Avg Bars Held │       41.8 │
├───────────────┼────────────┤
│ Sharpe Ratio  │      -2.82 │
└───────────────┴────────────┘

  Final Equity: $-13,890.49
  Expectancy: $57.26 per trade


Running NY Session Momentum...

╭────────────────────────────── Backtest Report ───────────────────────────────╮
│ Strategy: NY Session Momentum  |  Pairs: EURUSD, GBPUSD, USDCAD  |  FTMO:    │
│ FAIL                                                                         │
╰──────────────────────────────────────────────────────────────────────────────╯
                FTMO Challenge Rules                 
┏━━━━━━━━━━━━━━━━━━━━━━┳━━━━━━━━━━┳━━━━━━━━━━━━━━━━━┓
┃ Rule                 ┃  Status  ┃           Value ┃
┡━━━━━━━━━━━━━━━━━━━━━━╇━━━━━━━━━━╇━━━━━━━━━━━━━━━━━┩
│ Profit Target (10%)  │   HIT    │         -97.06% │
├──────────────────────┼──────────┼─────────────────┤
│ Daily Loss < 5%      │ BREACHED │ Max DD: 114.38% │
├──────────────────────┼──────────┼─────────────────┤
│ Total DD < 10%       │ BREACHED │         114.38% │
├──────────────────────┼──────────┼─────────────────┤
│ Min Trading Days (4) │    OK    │        515 days │
├──────────────────────┼──────────┼─────────────────┤
│ Consistency          │    OK    │                 │
└──────────────────────┴──────────┴─────────────────┘
       Trade Statistics        
┏━━━━━━━━━━━━━━━┳━━━━━━━━━━━━━┓
┃ Metric        ┃       Value ┃
┡━━━━━━━━━━━━━━━╇━━━━━━━━━━━━━┩
│ Total Trades  │        1448 │
├───────────────┼─────────────┤
│ Win Rate      │       33.7% │
├───────────────┼─────────────┤
│ Wins / Losses │   488 / 960 │
├───────────────┼─────────────┤
│ Avg Win       │     $516.64 │
├───────────────┼─────────────┤
│ Avg Loss      │    $-276.71 │
├───────────────┼─────────────┤
│ Best Trade    │   $2,975.11 │
├───────────────┼─────────────┤
│ Worst Trade   │  $-2,568.20 │
├───────────────┼─────────────┤
│ Total P/L     │ $-13,519.94 │
├───────────────┼─────────────┤
│ Avg Bars Held │         6.9 │
├───────────────┼─────────────┤
│ Sharpe Ratio  │      -69.69 │
└───────────────┴─────────────┘

  Final Equity: $2,944.53
  Expectancy: $-9.34 per trade

                              Strategy Comparison                               
┏━━━━━━━━━━━━━━━━━┳━━━━━━┳━━━━━━━━━━┳━━━━━━━━━┳━━━━━━━━━━┳━━━━━━━━┳━━━━━━━━━━━━┓
┃ Strategy        ┃ FTMO ┃   Profit ┃  Max DD ┃ Win Rate ┃ Trades ┃ Expectancy ┃
┡━━━━━━━━━━━━━━━━━╇━━━━━━╇━━━━━━━━━━╇━━━━━━━━━╇━━━━━━━━━━╇━━━━━━━━╇━━━━━━━━━━━━┩
│ London Session  │ FAIL │  -20.23% │  41.52% │    44.3% │   1024 │      $4.89 │
│ Breakout        │      │          │         │          │        │            │
├─────────────────┼──────┼──────────┼─────────┼──────────┼────────┼────────────┤
│ Mean Reversion  │ FAIL │ -113.89% │ 120.08% │    43.2% │    858 │     $57.26 │
│ (Ranging Pairs) │      │          │         │          │        │            │
├─────────────────┼──────┼──────────┼─────────┼──────────┼────────┼────────────┤
│ NY Session      │ FAIL │  -97.06% │ 114.38% │    33.7% │   1448 │     $-9.34 │
│ Momentum        │      │          │         │          │        │            │
└─────────────────┴──────┴──────────┴─────────┴──────────┴────────┴────────────┘
